<?xml version="1.0" encoding="utf-8"?><testsuites name="pytest tests"><testsuite name="pytest" errors="0" failures="0" skipped="0" tests="26" time="19.804" timestamp="2026-09-22T10:47:38.094088+02:00" hostname="MAIN"><testcase classname="tests.unit.test_paper_e_release" name="test_current_release_and_archived_sources_agree" time="1.783" /><testcase classname="tests.unit.test_paper_e_release" name="test_changed_transitive_proof_requires_new_audit[formal/Problems/Collatz/PreimageGrid.lean]" time="1.588" /><testcase classname="tests.unit.test_paper_e_release" name="test_changed_transitive_proof_requires_new_audit[formal/Problems/Juggler/PaperECompletion.lean]" time="1.645" /><testcase classname="tests.unit.test_paper_e_release" name="test_changed_pdf_cannot_keep_a_green_release" time="1.018" /><testcase classname="tests.unit.test_paper_e_release" name="test_corrupted_source_archive_is_rejected" time="1.506" /><testcase classname="tests.unit.test_paper_e_release" name="test_printed_grid_cannot_drift_from_formal_table" time="0.721" /><testcase classname="tests.unit.test_paper_e_release" name="test_rebuild_preserves_external_deposit_facts" time="0.007" /><testcase classname="tests.unit.test_theorem_ledger" name="test_ledger_ids_are_unique" time="0.008" /><testcase classname="tests.unit.test_theorem_ledger" name="test_ledger_required_fields" time="0.118" /><testcase classname="tests.unit.test_theorem_ledger" name="test_ledger_test_paths_exist" time="0.138" /><testcase classname="tests.unit.test_theorem_ledger" name="test_every_lean_row_is_attributed_to_its_module_in_the_index" time="0.719" /><testcase classname="tests.unit.test_theorem_ledger" name="test_the_lean_path_exception_list_does_not_grow" time="0.001" /><testcase classname="tests.unit.test_theorem_ledger" name="test_ledger_lean_paths_exist_when_required" time="0.138" /><testcase classname="tests.unit.test_theorem_ledger" name="test_ledger_tags_are_in_the_fixed_vocabulary" time="0.007" /><testcase classname="tests.unit.test_theorem_ledger" name="test_documented_tags_match_the_whitelist" time="0.001" /><testcase classname="tests.unit.test_theorem_ledger" name="test_ledger_markdown_is_generated" time="0.142" /><testcase classname="tests.unit.test_theorem_ledger" name="test_the_declaration_regex_reads_the_forms_lean_actually_writes" time="0.014" /><testcase classname="tests.unit.test_theorem_ledger" name="test_the_gate_resolves_every_declaration_the_index_holds" time="3.090" /><testcase classname="tests.unit.test_theorem_ledger" name="test_decl_when_present_names_a_declaration_in_the_rows_own_file" time="0.760" /><testcase classname="tests.unit.test_theorem_ledger" name="test_lean_trust_is_recorded_wherever_a_declaration_is_named" time="0.008" /><testcase classname="tests.unit.test_theorem_ledger" name="test_a_statement_naming_a_lean_theorem_names_one_that_exists" time="0.289" /><testcase classname="tests.unit.test_theorem_ledger" name="test_decl_agrees_with_the_theorem_the_statement_names" time="0.008" /><testcase classname="tests.unit.test_theorem_ledger" name="test_no_two_rows_claim_the_same_declaration" time="0.008" /><testcase classname="tests.unit.test_theorem_ledger" name="test_no_row_chose_a_declaration_far_worse_than_one_it_names" time="2.960" /><testcase classname="tests.unit.test_theorem_ledger" name="test_no_row_credits_native_decide_to_a_kernel_checked_declaration" time="0.013" /><testcase classname="tests.unit.test_theorem_ledger" name="test_recorded_trust_matches_what_the_declarations_actually_are" time="2.921" /></testsuite></testsuites>