<?xml version="1.0" encoding="utf-8"?><testsuites name="pytest tests"><testsuite name="pytest" errors="0" failures="0" skipped="16" tests="250" time="47.936" timestamp="2026-09-22T11:22:18.412448+02:00" hostname="MAIN"><testcase classname="tests.unit.test_paper_e_release" name="test_current_release_and_archived_sources_agree" time="1.649" /><testcase classname="tests.unit.test_paper_e_release" name="test_changed_transitive_proof_requires_new_audit[formal/Problems/Collatz/PreimageGrid.lean]" time="1.521" /><testcase classname="tests.unit.test_paper_e_release" name="test_changed_transitive_proof_requires_new_audit[formal/Problems/Juggler/PaperECompletion.lean]" time="1.501" /><testcase classname="tests.unit.test_paper_e_release" name="test_changed_transitive_proof_requires_new_audit[formal/Problems/Juggler/PaperEModularReturn.lean]" time="1.511" /><testcase classname="tests.unit.test_paper_e_release" name="test_changed_pdf_cannot_keep_a_green_release" time="1.052" /><testcase classname="tests.unit.test_paper_e_release" name="test_corrupted_source_archive_is_rejected" time="1.584" /><testcase classname="tests.unit.test_paper_e_release" name="test_printed_grid_cannot_drift_from_formal_table" time="0.743" /><testcase classname="tests.unit.test_paper_e_release" name="test_rebuild_preserves_external_deposit_facts" time="0.011" /><testcase classname="tests.integration.test_app" name="test_router_starts_on_overview" time="0.000"><skipped type="pytest.skip" message="slow; pass --runslow to include">C:\Users\phili\Desktop\balanced_ternary\tests\integration\test_app.py:37: slow; pass --runslow to include</skipped></testcase><testcase classname="tests.integration.test_app" name="test_calculator_page_loads" time="0.000"><skipped type="pytest.skip" message="slow; pass --runslow to include">C:\Users\phili\Desktop\balanced_ternary\tests\integration\test_app.py:52: slow; pass --runslow to include</skipped></testcase><testcase classname="tests.integration.test_app" name="test_exponent_code_page_loads" time="0.000"><skipped type="pytest.skip" message="slow; pass --runslow to include">C:\Users\phili\Desktop\balanced_ternary\tests\integration\test_app.py:61: slow; pass --runslow to include</skipped></testcase><testcase classname="tests.integration.test_cli" name="test_encode_decode_cli_round_trip" time="0.116" /><testcase classname="tests.integration.test_cli" name="test_analyze_uses_encoded_word" time="0.060" /><testcase classname="tests.integration.test_cli" name="test_analyze_zero_and_prime" time="0.217" /><testcase classname="tests.integration.test_cli" name="test_residue_cli" time="0.069" /><testcase classname="tests.integration.test_cli" name="test_test_invariants_cli" time="0.076" /><testcase classname="tests.integration.test_cli" name="test_reverse_cli_matches_a134028" time="0.200" /><testcase classname="tests.integration.test_cli" name="test_operators_apply_and_derivative_cli" time="0.123" /><testcase classname="tests.integration.test_cli" name="test_calculus_cli" time="0.660" /><testcase classname="tests.integration.test_cli_congruence" name="test_roots_agree_with_brute_force" time="0.107" /><testcase classname="tests.integration.test_cli_congruence" name="test_roots_of_a_polynomial_with_no_solutions" time="0.097" /><testcase classname="tests.integration.test_cli_congruence" name="test_tree_marks_unique_lifts_of_the_fermat_cubic" time="0.078" /><testcase classname="tests.integration.test_cli_congruence" name="test_tree_json_carries_node_records" time="0.075" /><testcase classname="tests.integration.test_cli_congruence" name="test_lift_lists_the_three_singular_lifts" time="0.086" /><testcase classname="tests.integration.test_cli_congruence" name="test_lift_reports_a_non_solution" time="0.107" /><testcase classname="tests.integration.test_cli_congruence" name="test_lift_rejects_a_residue_outside_the_balanced_window" time="0.106" /><testcase classname="tests.integration.test_cli_congruence" name="test_classify_reports_phi_classes_and_widths" time="0.110" /><testcase classname="tests.integration.test_cli_congruence" name="test_triage_verdict_is_proceed" time="0.001"><skipped type="pytest.skip" message="slow; pass --runslow to include">C:\Users\phili\Desktop\balanced_ternary\tests\integration\test_cli_congruence.py:79: slow; pass --runslow to include</skipped></testcase><testcase classname="tests.integration.test_cli_congruence" name="test_state_shows_the_quotient_chain" time="0.198" /><testcase classname="tests.integration.test_cli_congruence" name="test_state_json_carries_per_level_classes" time="0.113" /><testcase classname="tests.integration.test_cli_congruence" name="test_state_normal_form_matches_the_behaviour_count_on_real_nodes[x^2-9]" time="0.082" /><testcase classname="tests.integration.test_cli_congruence" name="test_state_normal_form_matches_the_behaviour_count_on_real_nodes[x^3-x]" time="0.067" /><testcase classname="tests.integration.test_cli_congruence" name="test_state_normal_form_matches_the_behaviour_count_on_real_nodes[x^2-7]" time="0.152" /><testcase classname="tests.integration.test_cli_congruence" name="test_state_normal_form_matches_the_behaviour_count_on_real_nodes[x^4-1]" time="0.069" /><testcase classname="tests.integration.test_cli_congruence" name="test_state_reports_the_strata_split" time="0.063" /><testcase classname="tests.integration.test_cli_congruence" name="test_state_refuses_an_expensive_horizon_without_the_flag" time="0.063" /><testcase classname="tests.integration.test_cli_congruence" name="test_distinguish_finds_the_canonical_live_witness" time="0.060" /><testcase classname="tests.integration.test_cli_congruence" name="test_distinguish_flags_the_vacuous_dead_pair" time="0.061" /><testcase classname="tests.integration.test_cli_congruence" name="test_distinguish_reports_a_genuine_separation" time="0.068" /><testcase classname="tests.integration.test_cli_research" name="test_research_analyze_d_is_exact_modular_not_live" time="0.065" /><testcase classname="tests.integration.test_cli_research" name="test_research_reproduce_b_stays_bounded" time="0.068" /><testcase classname="tests.integration.test_cli_research" name="test_research_attack_ostrowski_modular_and_report_links_lean" time="0.185" /><testcase classname="tests.integration.test_cli_research" name="test_research_reproduce_ostrowski_keeps_l0_parked" time="0.079" /><testcase classname="tests.integration.test_cli_research" name="test_research_attack_ostrowski_spectral_is_exact_map_class_not_live" time="0.058" /><testcase classname="tests.integration.test_cli_research" name="test_research_deferred_attack_is_not_a_proof" time="0.129" /><testcase classname="tests.integration.test_cli_research" name="test_research_analyze_balanced_ternary_is_exact_closure_not_live" time="0.085" /><testcase classname="tests.integration.test_cli_research" name="test_research_reproduce_balanced_ternary_links_lean" time="0.128" /><testcase classname="tests.integration.test_cli_research" name="test_research_analyze_expanding_d_is_exact_lsd_closure_not_live" time="0.078" /><testcase classname="tests.integration.test_cli_research" name="test_research_reproduce_expanding_d_links_lean" time="0.121" /><testcase classname="tests.integration.test_cli_research" name="test_research_analyze_expanding_j2_is_exact_nine_not_live" time="0.062" /><testcase classname="tests.integration.test_cli_research" name="test_research_reproduce_expanding_j2_links_lean" time="0.129" /><testcase classname="tests.integration.test_cli_research" name="test_research_analyze_expanding_j3_is_exact_twenty_seven_not_live" time="0.065" /><testcase classname="tests.integration.test_cli_research" name="test_research_reproduce_expanding_j3_links_lean" time="0.186" /><testcase classname="tests.integration.test_cli_research" name="test_research_analyze_d_add_is_exact_three_not_live" time="0.062" /><testcase classname="tests.integration.test_cli_research" name="test_research_reproduce_d_add_links_lean" time="0.116" /><testcase classname="tests.integration.test_cli_research" name="test_research_analyze_signed_digit_residual_is_exact_three_not_live" time="0.086" /><testcase classname="tests.integration.test_cli_research" name="test_research_reproduce_signed_digit_residual_links_lean" time="0.146" /><testcase classname="tests.integration.test_cli_research" name="test_research_analyze_signed_digit_residual_geometry_is_exact_three_not_live" time="0.072" /><testcase classname="tests.integration.test_cli_research" name="test_research_reproduce_signed_digit_residual_geometry_links_lean" time="0.135" /><testcase classname="tests.integration.test_cli_research" name="test_research_analyze_signed_digit_residual_minimality_is_exact_three_not_live" time="0.078" /><testcase classname="tests.integration.test_cli_research" name="test_research_reproduce_signed_digit_residual_minimality_links_lean" time="0.136" /><testcase classname="tests.integration.test_cli_research" name="test_research_analyze_signed_digit_constrained_controls_is_exact_ten_not_live" time="0.087" /><testcase classname="tests.integration.test_cli_research" name="test_research_reproduce_signed_digit_constrained_controls_links_lean" time="0.147" /><testcase classname="tests.integration.test_cli_research" name="test_research_analyze_signed_digit_short_horizon_is_exact_seven_not_live" time="0.079" /><testcase classname="tests.integration.test_cli_research" name="test_research_reproduce_signed_digit_short_horizon_links_lean" time="0.138" /><testcase classname="tests.integration.test_cli_research" name="test_research_analyze_multiplicative_residual_is_exact_one_not_live" time="0.092" /><testcase classname="tests.integration.test_cli_research" name="test_research_reproduce_multiplicative_residual_links_lean" time="0.155" /><testcase classname="tests.integration.test_cli_research" name="test_research_analyze_collatz_is_inconclusive_not_live" time="0.096" /><testcase classname="tests.integration.test_cli_research" name="test_research_reproduce_collatz_links_lean" time="0.185" /><testcase classname="tests.integration.test_cli_research" name="test_research_analyze_primes_sieve_is_exact_not_live" time="0.340" /><testcase classname="tests.integration.test_cli_research" name="test_research_reproduce_primes_links_lean" time="0.649" /><testcase classname="tests.integration.test_cli_research" name="test_research_analyze_operator_dynamics_is_exact_three_not_live" time="0.166" /><testcase classname="tests.integration.test_cli_research" name="test_research_reproduce_operator_dynamics_links_lean" time="0.314" /><testcase classname="tests.integration.test_cli_research" name="test_research_analyze_digit_sum_is_exact_three_not_live" time="0.236" /><testcase classname="tests.integration.test_cli_research" name="test_research_reproduce_digit_sum_links_lean" time="0.434" /><testcase classname="tests.integration.test_cli_research" name="test_research_analyze_weight_is_exact_two_not_live" time="0.328" /><testcase classname="tests.integration.test_cli_research" name="test_research_reproduce_weight_links_lean" time="0.662" /><testcase classname="tests.integration.test_cli_research" name="test_research_analyze_weight_drift_is_inconclusive_not_live" time="0.357" /><testcase classname="tests.integration.test_cli_research" name="test_research_reproduce_weight_drift_links_lean" time="0.684" /><testcase classname="tests.integration.test_cli_research" name="test_research_analyze_syracuse_is_inconclusive_not_live" time="0.103" /><testcase classname="tests.integration.test_cli_research" name="test_research_reproduce_syracuse_links_lean" time="0.235" /><testcase classname="tests.integration.test_docs_control_characters" name="test_no_control_characters_in_tracked_markdown" time="1.554" /><testcase classname="tests.integration.test_docs_control_characters" name="test_no_stray_carriage_return_in_tracked_markdown" time="1.583" /><testcase classname="tests.integration.test_docs_links" name="test_internal_markdown_links_resolve" time="1.959" /><testcase classname="tests.integration.test_negative_knowledge" name="test_index_exists" time="0.001" /><testcase classname="tests.integration.test_negative_knowledge" name="test_every_refuted_conjecture_is_cited" time="0.025" /><testcase classname="tests.integration.test_negative_knowledge" name="test_every_refuted_ledger_row_is_cited" time="0.013" /><testcase classname="tests.integration.test_negative_knowledge" name="test_every_close_dossier_is_cited" time="0.169" /><testcase classname="tests.integration.test_paper_release_gates" name="test_every_paper_build_tool_is_discovered" time="0.001" /><testcase classname="tests.integration.test_paper_release_gates" name="test_the_paper_gate_exists_and_passes_on_the_live_repository[build_paper_a]" time="0.937" /><testcase classname="tests.integration.test_paper_release_gates" name="test_the_paper_gate_exists_and_passes_on_the_live_repository[build_paper_b]" time="0.009" /><testcase classname="tests.integration.test_paper_release_gates" name="test_the_paper_gate_exists_and_passes_on_the_live_repository[build_paper_b_kit]" time="0.025" /><testcase classname="tests.integration.test_paper_release_gates" name="test_the_paper_gate_exists_and_passes_on_the_live_repository[build_paper_c]" time="0.138" /><testcase classname="tests.integration.test_paper_release_gates" name="test_the_paper_gate_exists_and_passes_on_the_live_repository[build_paper_d]" time="0.030" /><testcase classname="tests.integration.test_paper_release_gates" name="test_the_paper_gate_exists_and_passes_on_the_live_repository[build_paper_e]" time="0.660" /><testcase classname="tests.integration.test_paper_release_gates" name="test_the_provenance_pin_names_a_commit_that_holds_the_inputs[build_paper_a]" time="1.212" /><testcase classname="tests.integration.test_paper_release_gates" name="test_the_provenance_pin_names_a_commit_that_holds_the_inputs[build_paper_b]" time="0.004"><skipped type="pytest.skip" message="docs/theory/juggler_parity_discrepancy_note.md prints no `Repository:` line; no commit is claimed">C:\Users\phili\Desktop\balanced_ternary\tests\integration\test_paper_release_gates.py:80: docs/theory/juggler_parity_discrepancy_note.md prints no `Repository:` line; no commit is claimed</skipped></testcase><testcase classname="tests.integration.test_paper_release_gates" name="test_the_provenance_pin_names_a_commit_that_holds_the_inputs[build_paper_b_kit]" time="0.003"><skipped type="pytest.skip" message="docs/theory/juggler_parity_discrepancy_note.md prints no `Repository:` line; no commit is claimed">C:\Users\phili\Desktop\balanced_ternary\tests\integration\test_paper_release_gates.py:80: docs/theory/juggler_parity_discrepancy_note.md prints no `Repository:` line; no commit is claimed</skipped></testcase><testcase classname="tests.integration.test_paper_release_gates" name="test_the_provenance_pin_names_a_commit_that_holds_the_inputs[build_paper_c]" time="0.004"><skipped type="pytest.skip" message="docs/theory/juggler_fate_almost_all_note.md prints no `Repository:` line; no commit is claimed">C:\Users\phili\Desktop\balanced_ternary\tests\integration\test_paper_release_gates.py:80: docs/theory/juggler_fate_almost_all_note.md prints no `Repository:` line; no commit is claimed</skipped></testcase><testcase classname="tests.integration.test_paper_release_gates" name="test_the_provenance_pin_names_a_commit_that_holds_the_inputs[build_paper_d]" time="0.316" /><testcase classname="tests.integration.test_paper_release_gates" name="test_the_provenance_pin_names_a_commit_that_holds_the_inputs[build_paper_e]" time="0.003"><skipped type="pytest.skip" message="docs/theory/juggler_signed_collatz_note.md prints no `Repository:` line; no commit is claimed">C:\Users\phili\Desktop\balanced_ternary\tests\integration\test_paper_release_gates.py:80: docs/theory/juggler_signed_collatz_note.md prints no `Repository:` line; no commit is claimed</skipped></testcase><testcase classname="tests.integration.test_paper_release_gates" name="test_at_least_one_paper_pin_was_really_verified" time="1.596" /><testcase classname="tests.integration.test_probe_artifacts_are_ordered" name="test_not_in_default_order_is_sorted" time="0.001" /><testcase classname="tests.integration.test_probe_artifacts_are_ordered" name="test_experimental_attacks_is_sorted" time="0.001" /><testcase classname="tests.integration.test_probe_artifacts_are_ordered" name="test_stored_statistics_is_sorted" time="0.001" /><testcase classname="tests.integration.test_problem_dossiers" name="test_dossiers_exist" time="0.006" /><testcase classname="tests.integration.test_problem_dossiers" name="test_dossiers_carry_the_required_sections" time="0.115" /><testcase classname="tests.integration.test_problem_dossiers" name="test_every_dossier_states_one_decision" time="0.176" /><testcase classname="tests.integration.test_public_api" name="test_bt_root_round_trip" time="0.001" /><testcase classname="tests.integration.test_public_api" name="test_cli_entry_is_callable" time="0.001" /><testcase classname="tests.integration.test_public_api" name="test_collatz_root_exact_objects" time="0.003" /><testcase classname="tests.integration.test_residual_explorer_app" name="test_residual_explorer_page_loads" time="0.000"><skipped type="pytest.skip" message="slow; pass --runslow to include">C:\Users\phili\Desktop\balanced_ternary\tests\integration\test_residual_explorer_app.py:31: slow; pass --runslow to include</skipped></testcase><testcase classname="tests.integration.test_residual_explorer_app" name="test_residual_explorer_compare_and_dual_controls" time="0.000"><skipped type="pytest.skip" message="slow; pass --runslow to include">C:\Users\phili\Desktop\balanced_ternary\tests\integration\test_residual_explorer_app.py:47: slow; pass --runslow to include</skipped></testcase><testcase classname="tests.integration.test_residual_explorer_app" name="test_scenario_b_and_c_delayed_pair_compare" time="0.000"><skipped type="pytest.skip" message="slow; pass --runslow to include">C:\Users\phili\Desktop\balanced_ternary\tests\integration\test_residual_explorer_app.py:58: slow; pass --runslow to include</skipped></testcase><testcase classname="tests.integration.test_residual_explorer_app" name="test_congruence_lifting_view_renders" time="0.000"><skipped type="pytest.skip" message="slow; pass --runslow to include">C:\Users\phili\Desktop\balanced_ternary\tests\integration\test_residual_explorer_app.py:84: slow; pass --runslow to include</skipped></testcase><testcase classname="tests.integration.test_residual_explorer_app" name="test_minimal_state_panel_compares_the_three_descriptions" time="0.000"><skipped type="pytest.skip" message="slow; pass --runslow to include">C:\Users\phili\Desktop\balanced_ternary\tests\integration\test_residual_explorer_app.py:104: slow; pass --runslow to include</skipped></testcase><testcase classname="tests.integration.test_residual_explorer_app" name="test_minimal_state_panel_reports_a_jet_redundant_witness" time="0.000"><skipped type="pytest.skip" message="slow; pass --runslow to include">C:\Users\phili\Desktop\balanced_ternary\tests\integration\test_residual_explorer_app.py:131: slow; pass --runslow to include</skipped></testcase><testcase classname="tests.integration.test_residual_explorer_app" name="test_scenario_d_x2_vs_x3" time="0.001"><skipped type="pytest.skip" message="slow; pass --runslow to include">C:\Users\phili\Desktop\balanced_ternary\tests\integration\test_residual_explorer_app.py:146: slow; pass --runslow to include</skipped></testcase><testcase classname="tests.integration.test_review_bundle_mirrors" name="test_bundle_carries_no_drifting_copy_of_docs_theory" time="0.168" /><testcase classname="tests.integration.test_views" name="test_number_view_27" time="0.001" /><testcase classname="tests.integration.test_views" name="test_trajectory_rows_five" time="0.001" /><testcase classname="tests.integration.test_views" name="test_automaton_partition_rows" time="0.001" /><testcase classname="tests.integration.test_views" name="test_transducer_complexity_rows" time="0.001" /><testcase classname="tests.integration.test_views" name="test_odd_part_trace_82" time="0.001" /><testcase classname="tests.integration.test_views" name="test_cylinder_view_11" time="0.001" /><testcase classname="tests.integration.test_views" name="test_entropy_comparison_rows" time="0.002" /><testcase classname="tests.integration.test_views" name="test_complexity_spectrum_rows" time="0.001" /><testcase classname="tests.integration.test_views" name="test_symbolic_graph_rows" time="0.001" /><testcase classname="tests.integration.test_views" name="test_trajectory_view_reuses_rows" time="0.001" /><testcase classname="tests.integration.test_views" name="test_inverse_and_automaton_payloads" time="0.001" /><testcase classname="tests.integration.test_views" name="test_joint_graph_view_sample" time="0.001" /><testcase classname="tests.integration.test_views" name="test_fraction_text" time="0.001" /><testcase classname="tests.integration.test_views" name="test_exponent_code_view_142" time="0.003" /><testcase classname="tests.integration.test_views" name="test_exponent_code_view_rejects_empty" time="0.001" /><testcase classname="tests.integration.test_views" name="test_affine_center_census_view_small" time="0.009" /><testcase classname="tests.integration.test_views" name="test_warp_view_21" time="0.001" /><testcase classname="tests.integration.test_views" name="test_parse_value_integer_and_word" time="0.001" /><testcase classname="tests.integration.test_views" name="test_parse_value_rejects_invalid_word" time="0.001" /><testcase classname="tests.integration.test_views" name="test_calculator_add_and_shift" time="0.001" /><testcase classname="tests.integration.test_views" name="test_calculator_domain_errors" time="0.001" /><testcase classname="tests.integration.test_views" name="test_analyze_view_27" time="0.001" /><testcase classname="tests.integration.test_views" name="test_apply_operator_h2_and_m2" time="0.001" /><testcase classname="tests.unit.test_theorem_ledger" name="test_ledger_ids_are_unique" time="0.011" /><testcase classname="tests.unit.test_theorem_ledger" name="test_ledger_required_fields" time="0.141" /><testcase classname="tests.unit.test_theorem_ledger" name="test_ledger_test_paths_exist" time="0.159" /><testcase classname="tests.unit.test_theorem_ledger" name="test_every_lean_row_is_attributed_to_its_module_in_the_index" time="0.732" /><testcase classname="tests.unit.test_theorem_ledger" name="test_the_lean_path_exception_list_does_not_grow" time="0.001" /><testcase classname="tests.unit.test_theorem_ledger" name="test_ledger_lean_paths_exist_when_required" time="0.163" /><testcase classname="tests.unit.test_theorem_ledger" name="test_ledger_tags_are_in_the_fixed_vocabulary" time="0.009" /><testcase classname="tests.unit.test_theorem_ledger" name="test_documented_tags_match_the_whitelist" time="0.001" /><testcase classname="tests.unit.test_theorem_ledger" name="test_ledger_markdown_is_generated" time="0.164" /><testcase classname="tests.unit.test_theorem_ledger" name="test_the_declaration_regex_reads_the_forms_lean_actually_writes" time="0.016" /><testcase classname="tests.unit.test_theorem_ledger" name="test_the_gate_resolves_every_declaration_the_index_holds" time="3.239" /><testcase classname="tests.unit.test_theorem_ledger" name="test_decl_when_present_names_a_declaration_in_the_rows_own_file" time="0.796" /><testcase classname="tests.unit.test_theorem_ledger" name="test_lean_trust_is_recorded_wherever_a_declaration_is_named" time="0.009" /><testcase classname="tests.unit.test_theorem_ledger" name="test_a_statement_naming_a_lean_theorem_names_one_that_exists" time="0.311" /><testcase classname="tests.unit.test_theorem_ledger" name="test_decl_agrees_with_the_theorem_the_statement_names" time="0.009" /><testcase classname="tests.unit.test_theorem_ledger" name="test_no_two_rows_claim_the_same_declaration" time="0.010" /><testcase classname="tests.unit.test_theorem_ledger" name="test_no_row_chose_a_declaration_far_worse_than_one_it_names" time="3.061" /><testcase classname="tests.unit.test_theorem_ledger" name="test_no_row_credits_native_decide_to_a_kernel_checked_declaration" time="0.015" /><testcase classname="tests.unit.test_theorem_ledger" name="test_recorded_trust_matches_what_the_declarations_actually_are" time="3.098" /><testcase classname="tests.research.juggler_sequence.test_manuscript_consistency" name="test_items_are_in_document_order[A]" time="0.005" /><testcase classname="tests.research.juggler_sequence.test_manuscript_consistency" name="test_items_are_in_document_order[B]" time="0.020" /><testcase classname="tests.research.juggler_sequence.test_manuscript_consistency" name="test_items_are_in_document_order[C]" time="0.020" /><testcase classname="tests.research.juggler_sequence.test_manuscript_consistency" name="test_items_are_in_document_order[E]" time="0.003" /><testcase classname="tests.research.juggler_sequence.test_manuscript_consistency" name="test_every_numbered_item_is_unique_in_the_body[A]" time="0.004" /><testcase classname="tests.research.juggler_sequence.test_manuscript_consistency" name="test_every_numbered_item_is_unique_in_the_body[B]" time="0.005" /><testcase classname="tests.research.juggler_sequence.test_manuscript_consistency" name="test_every_numbered_item_is_unique_in_the_body[C]" time="0.003" /><testcase classname="tests.research.juggler_sequence.test_manuscript_consistency" name="test_every_numbered_item_is_unique_in_the_body[E]" time="0.001" /><testcase classname="tests.research.juggler_sequence.test_manuscript_consistency" name="test_no_number_is_used_for_two_different_items[A]" time="0.005" /><testcase classname="tests.research.juggler_sequence.test_manuscript_consistency" name="test_no_number_is_used_for_two_different_items[B]" time="0.005" /><testcase classname="tests.research.juggler_sequence.test_manuscript_consistency" name="test_no_number_is_used_for_two_different_items[C]" time="0.004" /><testcase classname="tests.research.juggler_sequence.test_manuscript_consistency" name="test_no_number_is_used_for_two_different_items[E]" time="0.001" /><testcase classname="tests.research.juggler_sequence.test_manuscript_consistency" name="test_review_mirror_matches_the_manuscript[A]" time="0.002" /><testcase classname="tests.research.juggler_sequence.test_manuscript_consistency" name="test_review_mirror_matches_the_manuscript[B]" time="0.001"><skipped type="pytest.skip" message="B has no juggler_review mirror by design">C:\Users\phili\Desktop\balanced_ternary\tests\research\juggler_sequence\test_manuscript_consistency.py:158: B has no juggler_review mirror by design</skipped></testcase><testcase classname="tests.research.juggler_sequence.test_manuscript_consistency" name="test_review_mirror_matches_the_manuscript[C]" time="0.002" /><testcase classname="tests.research.juggler_sequence.test_manuscript_consistency" name="test_review_mirror_matches_the_manuscript[E]" time="0.002" /><testcase classname="tests.research.juggler_sequence.test_manuscript_consistency" name="test_no_mangled_latex_escapes[A]" time="0.025" /><testcase classname="tests.research.juggler_sequence.test_manuscript_consistency" name="test_no_mangled_latex_escapes[B]" time="0.026" /><testcase classname="tests.research.juggler_sequence.test_manuscript_consistency" name="test_no_mangled_latex_escapes[C]" time="0.013" /><testcase classname="tests.research.juggler_sequence.test_manuscript_consistency" name="test_no_mangled_latex_escapes[E]" time="0.004" /><testcase classname="tests.research.juggler_sequence.test_manuscript_consistency" name="test_tactics_the_manuscripts_name_are_the_tactics_the_layer_uses" time="0.176" /><testcase classname="tests.research.juggler_sequence.test_manuscript_consistency" name="test_no_mangled_latex_escapes_outside_the_manuscripts" time="0.017" /><testcase classname="tests.research.juggler_sequence.test_manuscript_consistency" name="test_window_endpoint_agrees_everywhere" time="0.002" /><testcase classname="tests.research.juggler_sequence.test_manuscript_consistency" name="test_no_document_still_quotes_the_old_window_as_the_window" time="0.003" /><testcase classname="tests.research.juggler_sequence.test_manuscript_consistency" name="test_contagion_exponent_quoted_by_paper_a_is_the_current_one" time="0.189" /><testcase classname="tests.research.juggler_sequence.test_manuscript_consistency" name="test_rate_and_depth_pairs_quoted_anywhere_are_the_computed_ones[block_third_plus_oeoee_v6-0.4926-0.5074-19]" time="0.006" /><testcase classname="tests.research.juggler_sequence.test_manuscript_consistency" name="test_rate_and_depth_pairs_quoted_anywhere_are_the_computed_ones[block_third_plus_oeoee_v5-0.4924-0.5076-19]" time="0.001" /><testcase classname="tests.research.juggler_sequence.test_manuscript_consistency" name="test_rate_and_depth_pairs_quoted_anywhere_are_the_computed_ones[block_third_plus_oeoee_v4-0.4916-0.5084-19]" time="0.001" /><testcase classname="tests.research.juggler_sequence.test_manuscript_consistency" name="test_rate_and_depth_pairs_quoted_anywhere_are_the_computed_ones[block_third_plus_oeoee_v3-0.4891-0.5109-19]" time="0.001" /><testcase classname="tests.research.juggler_sequence.test_manuscript_consistency" name="test_rate_and_depth_pairs_quoted_anywhere_are_the_computed_ones[block_third_plus_oeoee-0.4801-0.5199-19]" time="0.001" /><testcase classname="tests.research.juggler_sequence.test_manuscript_consistency" name="test_rate_and_depth_pairs_quoted_anywhere_are_the_computed_ones[block_average_plus_third-0.448-0.552-20]" time="0.001" /><testcase classname="tests.research.juggler_sequence.test_manuscript_consistency" name="test_rate_and_depth_pairs_quoted_anywhere_are_the_computed_ones[block_third_plus_ooeee-0.5392-0.4608-18]" time="0.001" /><testcase classname="tests.research.juggler_sequence.test_manuscript_consistency" name="test_rate_and_depth_pairs_quoted_anywhere_are_the_computed_ones[depth_two_ideal-0.4927-0.5073-19]" time="0.001" /><testcase classname="tests.research.juggler_sequence.test_manuscript_consistency" name="test_paper_a_pins_the_seed_sum_from_both_sides" time="0.001" /><testcase classname="tests.research.juggler_sequence.test_manuscript_consistency" name="test_window_stops_at_but_excludes_the_last_fan_member" time="0.001" /><testcase classname="tests.research.juggler_sequence.test_manuscript_consistency" name="test_app_constants_match_the_certificate[PAPER_FLOOR-1000000]" time="0.001" /><testcase classname="tests.research.juggler_sequence.test_manuscript_consistency" name="test_app_constants_match_the_certificate[PAPER_PERIOD-25781]" time="0.001" /><testcase classname="tests.research.juggler_sequence.test_manuscript_consistency" name="test_app_constants_match_the_certificate[LAB_FLOOR-26254995]" time="0.001" /><testcase classname="tests.research.juggler_sequence.test_manuscript_consistency" name="test_app_constants_match_the_certificate[LAB_PARITY_PERIOD-50508]" time="0.002" /><testcase classname="tests.research.juggler_sequence.test_manuscript_consistency" name="test_app_constants_match_the_certificate[LAB_WALK_PERIOD-176251]" time="0.001" /><testcase classname="tests.research.juggler_sequence.test_manuscript_consistency" name="test_app_constants_match_the_certificate[PRINTED_FLOOR-162849448]" time="0.001" /><testcase classname="tests.research.juggler_sequence.test_manuscript_consistency" name="test_app_constants_match_the_certificate[PRINTED_PERIOD-478245]" time="0.001" /><testcase classname="tests.research.juggler_sequence.test_manuscript_consistency" name="test_app_constants_match_the_certificate[MAIN_FLOOR-350000000]" time="0.001" /><testcase classname="tests.research.juggler_sequence.test_manuscript_consistency" name="test_app_constants_match_the_certificate[MAIN_PERIOD-780239]" time="0.001" /><testcase classname="tests.research.juggler_sequence.test_manuscript_consistency" name="test_certified_floors_and_bounds_match_the_audit" time="0.001" /><testcase classname="tests.research.juggler_sequence.test_manuscript_consistency" name="test_fan_endpoints_quoted_in_the_paper" time="0.002" /><testcase classname="tests.research.juggler_sequence.test_manuscript_consistency" name="test_appendix_A_mentions_the_fan_law_module" time="0.001" /><testcase classname="tests.research.juggler_sequence.test_manuscript_consistency" name="test_p0_agrees_between_the_certificate_the_manuscript_and_the_ledger" time="0.070" /><testcase classname="tests.research.juggler_sequence.test_manuscript_consistency" name="test_manuscript_quotes_p0_consistently_wherever_it_appears" time="0.002" /><testcase classname="tests.research.juggler_sequence.test_manuscript_consistency" name="test_binding_site_named_in_the_ledger_is_the_computed_one" time="0.066" /><testcase classname="tests.research.juggler_sequence.test_manuscript_consistency" name="test_both_readings_of_c7_are_present_with_the_sentence_that_explains_them" time="0.065" /><testcase classname="tests.research.juggler_sequence.test_manuscript_consistency" name="test_certificate_densities_agree_with_their_corollary_titles" time="0.001" /><testcase classname="tests.research.juggler_sequence.test_manuscript_consistency" name="test_audit_ledger_mirror_matches" time="0.002" /><testcase classname="tests.research.juggler_sequence.test_manuscript_consistency" name="test_paper_b_body_carries_no_draft_history" time="0.001" /><testcase classname="tests.research.juggler_sequence.test_manuscript_consistency" name="test_the_ledger_carries_what_left_the_body" time="0.001" /><testcase classname="tests.research.juggler_sequence.test_manuscript_consistency" name="test_the_protected_sentence_and_the_two_warnings_stayed" time="0.001" /><testcase classname="tests.research.juggler_sequence.test_manuscript_consistency" name="test_the_migrated_P0_figure_recomputes" time="0.001" /><testcase classname="tests.research.juggler_sequence.test_manuscript_consistency" name="test_every_section_reference_resolves[A]" time="0.009" /><testcase classname="tests.research.juggler_sequence.test_manuscript_consistency" name="test_every_section_reference_resolves[B]" time="0.010" /><testcase classname="tests.research.juggler_sequence.test_manuscript_consistency" name="test_every_section_reference_resolves[C]" time="0.006" /><testcase classname="tests.research.juggler_sequence.test_manuscript_consistency" name="test_every_section_reference_resolves[E]" time="0.002" /><testcase classname="tests.research.juggler_sequence.test_manuscript_consistency" name="test_cross_paper_section_citations_resolve" time="0.027" /><testcase classname="tests.research.juggler_sequence.test_manuscript_consistency" name="test_hypothesis_L_points_into_paper_B_section_three_five" time="0.001" /><testcase classname="tests.research.juggler_sequence.test_manuscript_consistency" name="test_the_two_references_that_were_wrong_are_right" time="0.001" /><testcase classname="tests.research.juggler_sequence.test_manuscript_consistency" name="test_the_numbering_offset_is_documented" time="0.007" /><testcase classname="tests.research.juggler_sequence.test_manuscript_consistency" name="test_the_offset_is_paper_b_only" time="0.010" /><testcase classname="tests.research.juggler_sequence.test_manuscript_consistency" name="test_packet_and_readme_name_theorem_3_31_and_lambda_star_star" time="0.001" /><testcase classname="tests.research.juggler_sequence.test_manuscript_consistency" name="test_readme_does_not_quote_pairing_as_the_live_paper_c_exponent" time="0.001" /><testcase classname="tests.research.juggler_sequence.test_manuscript_consistency" name="test_manuscript_does_not_put_survivors_beyond_the_window" time="0.001" /><testcase classname="tests.research.juggler_sequence.test_manuscript_consistency" name="test_o7eeeegap_is_imported_by_the_paper_barrel" time="0.001" /><testcase classname="tests.research.juggler_sequence.test_manuscript_consistency" name="test_companion_claim_tags_are_ledger_tags" time="0.001" /><testcase classname="tests.research.juggler_sequence.test_manuscript_consistency" name="test_companion_prints_the_current_paper_a_front" time="0.001" /><testcase classname="tests.research.juggler_sequence.test_layer_architecture" name="test_engine_juggler_files_are_gone" time="0.003" /><testcase classname="tests.research.juggler_sequence.test_layer_architecture" name="test_layers_exist_and_are_sorry_free" time="0.123" /><testcase classname="tests.research.juggler_sequence.test_layer_architecture" name="test_every_juggler_source_has_an_explicit_inventory_role" time="0.003" /><testcase classname="tests.research.juggler_sequence.test_layer_architecture" name="test_imports_are_one_way" time="0.063" /><testcase classname="tests.research.juggler_sequence.test_layer_architecture" name="test_boxed_implication_is_first_class" time="0.059" /><testcase classname="tests.research.juggler_sequence.test_layer_architecture" name="test_paper_barrel_is_the_named_review_object" time="0.001" /><testcase classname="tests.research.juggler_sequence.test_layer_architecture" name="test_no_engine_juggler_names_in_live_sources" time="0.058" /><testcase classname="tests.research.juggler_sequence.test_cycle_denominator_coupling" name="test_charge_quotient_against_independent_linear_systems" time="0.154" /><testcase classname="tests.research.juggler_sequence.test_cycle_denominator_coupling" name="test_exact_floor_forcing_keeps_the_boundary_term" time="0.005" /><testcase classname="tests.research.juggler_sequence.test_cycle_denominator_coupling" name="test_actual_modular_return_does_not_cancel_the_parity_charge[1065-4-OOOE-128423-11-19]" time="0.001" /><testcase classname="tests.research.juggler_sequence.test_cycle_denominator_coupling" name="test_actual_modular_return_does_not_cancel_the_parity_charge[350002553-11-OOOEOEOOOEE-1330352317-139-3187]" time="0.001" /><testcase classname="tests.research.juggler_sequence.test_cycle_denominator_coupling" name="test_perfect_power_counterfamily_by_direct_iteration[3-1-1-9-11]" time="0.001" /><testcase classname="tests.research.juggler_sequence.test_cycle_denominator_coupling" name="test_perfect_power_counterfamily_by_direct_iteration[3-1-2-318-11]" time="0.001" /><testcase classname="tests.research.juggler_sequence.test_cycle_denominator_coupling" name="test_perfect_power_counterfamily_by_direct_iteration[3-1-3-12589-11]" time="0.001" /><testcase classname="tests.research.juggler_sequence.test_cycle_denominator_coupling" name="test_perfect_power_counterfamily_by_direct_iteration[4-2-1-313-17]" time="0.001" /><testcase classname="tests.research.juggler_sequence.test_cycle_denominator_coupling" name="test_perfect_power_counterfamily_by_direct_iteration[6-3-1-1242-31]" time="0.002" /><testcase classname="tests.research.juggler_sequence.test_cycle_denominator_coupling" name="test_run_word_gcd_and_unbounded_denominator_lower_bound" time="0.002" /></testsuite></testsuites>